<?xml version="1.0" encoding="UTF-8"?>
<!-- Generated by org.testng.reporters.JUnitXMLReporter -->
<testsuite ignored="0" hostname="LAPTOP-FAAER399" failures="1" tests="1" name="Positive Test(failed)" time="25.866" errors="0" timestamp="17 Mar 2021 03:36:48 GMT">
  <testcase classname="com.inetbanking.testcases.TC_LoginTestFailed_001" name="testPageTitleNegativeValidation" time="10.976">
    <failure type="java.lang.AssertionError" message="expected [true] but found [false]">
      <![CDATA[java.lang.AssertionError: expected [true] but found [false]
at com.inetbanking.testcases.TC_LoginTestFailed_001.testPageTitleNegativeValidation(TC_LoginTestFailed_001.java:32)
... Removed 29 stack frames]]>
    </failure>
  </testcase> <!-- testPageTitleNegativeValidation -->
</testsuite> <!-- Positive Test(failed) -->
